This file contains any messages produced by compilers while
running configure, to aid debugging if configure makes a mistake.

It was created by configure, which was
generated by GNU Autoconf 2.69.  Invocation command line was

  $ ./configure 

## --------- ##
## Platform. ##
## --------- ##

hostname = desktop
uname -m = x86_64
uname -r = 3.11.0-15-generic
uname -s = Linux
uname -v = #25-Ubuntu SMP Thu Jan 30 17:22:01 UTC 2014

/usr/bin/uname -p = unknown
/bin/uname -X     = unknown

/bin/arch              = unknown
/usr/bin/arch -k       = unknown
/usr/convex/getsysinfo = unknown
/usr/bin/hostinfo      = unknown
/bin/machine           = unknown
/usr/bin/oslevel       = unknown
/bin/universe          = unknown

PATH: /usr/local/heroku/bin
PATH: /home/jose/.nvm/v0.10.24/bin
PATH: /home/jose/.rvm/gems/ruby-2.1.2/bin
PATH: /home/jose/.rvm/gems/ruby-2.1.2@global/bin
PATH: /home/jose/.rvm/rubies/ruby-2.1.2/bin
PATH: /usr/local/sbin
PATH: /usr/local/bin
PATH: /usr/sbin
PATH: /usr/bin
PATH: /sbin
PATH: /bin
PATH: /usr/games
PATH: /usr/local/games
PATH: /home/jose/grails/bin
PATH: /usr/lib/jvm/default-java/bin
PATH: /home/jose/.rvm/bin
PATH: /home/jose/.rvm/bin


## ----------- ##
## Core tests. ##
## ----------- ##

configure:2434: checking build system type
configure:2448: result: x86_64-unknown-linux-gnu
configure:2468: checking host system type
configure:2481: result: x86_64-unknown-linux-gnu
configure:2549: checking for gcc
configure:2565: found /usr/bin/gcc
configure:2576: result: gcc
configure:2805: checking for C compiler version
configure:2814: gcc --version >&5
gcc (Ubuntu/Linaro 4.8.1-10ubuntu9) 4.8.1
Copyright (C) 2013 Free Software Foundation, Inc.
This is free software; see the source for copying conditions.  There is NO
warranty; not even for MERCHANTABILITY or FITNESS FOR A PARTICULAR PURPOSE.

configure:2825: $? = 0
configure:2814: gcc -v >&5
Using built-in specs.
COLLECT_GCC=gcc
COLLECT_LTO_WRAPPER=/usr/lib/gcc/x86_64-linux-gnu/4.8/lto-wrapper
Target: x86_64-linux-gnu
Configured with: ../src/configure -v --with-pkgversion='Ubuntu/Linaro 4.8.1-10ubuntu9' --with-bugurl=file:///usr/share/doc/gcc-4.8/README.Bugs --enable-languages=c,c++,java,go,d,fortran,objc,obj-c++ --prefix=/usr --program-suffix=-4.8 --enable-shared --enable-linker-build-id --libexecdir=/usr/lib --without-included-gettext --enable-threads=posix --with-gxx-include-dir=/usr/include/c++/4.8 --libdir=/usr/lib --enable-nls --with-sysroot=/ --enable-clocale=gnu --enable-libstdcxx-debug --enable-libstdcxx-time=yes --enable-gnu-unique-object --enable-plugin --with-system-zlib --disable-browser-plugin --enable-java-awt=gtk --enable-gtk-cairo --with-java-home=/usr/lib/jvm/java-1.5.0-gcj-4.8-amd64/jre --enable-java-home --with-jvm-root-dir=/usr/lib/jvm/java-1.5.0-gcj-4.8-amd64 --with-jvm-jar-dir=/usr/lib/jvm-exports/java-1.5.0-gcj-4.8-amd64 --with-arch-directory=amd64 --with-ecj-jar=/usr/share/java/eclipse-ecj.jar --enable-objc-gc --enable-multiarch --disable-werror --with-arch-32=i686 --with-abi=m64 --with-multilib-list=m32,m64,mx32 --with-tune=generic --enable-checking=release --build=x86_64-linux-gnu --host=x86_64-linux-gnu --target=x86_64-linux-gnu
Thread model: posix
gcc version 4.8.1 (Ubuntu/Linaro 4.8.1-10ubuntu9) 
configure:2825: $? = 0
configure:2814: gcc -V >&5
gcc: error: unrecognized command line option '-V'
gcc: fatal error: no input files
compilation terminated.
configure:2825: $? = 4
configure:2814: gcc -qversion >&5
gcc: error: unrecognized command line option '-qversion'
gcc: fatal error: no input files
compilation terminated.
configure:2825: $? = 4
configure:2845: checking whether the C compiler works
configure:2867: gcc    conftest.c  >&5
configure:2871: $? = 0
configure:2919: result: yes
configure:2922: checking for C compiler default output file name
configure:2924: result: a.out
configure:2930: checking for suffix of executables
configure:2937: gcc -o conftest    conftest.c  >&5
configure:2941: $? = 0
configure:2963: result: 
configure:2985: checking whether we are cross compiling
configure:2993: gcc -o conftest    conftest.c  >&5
configure:2997: $? = 0
configure:3004: ./conftest
configure:3008: $? = 0
configure:3023: result: no
configure:3028: checking for suffix of object files
configure:3050: gcc -c   conftest.c >&5
configure:3054: $? = 0
configure:3075: result: o
configure:3079: checking whether we are using the GNU C compiler
configure:3098: gcc -c   conftest.c >&5
configure:3098: $? = 0
configure:3107: result: yes
configure:3116: checking whether gcc accepts -g
configure:3136: gcc -c -g  conftest.c >&5
configure:3136: $? = 0
configure:3177: result: yes
configure:3194: checking for gcc option to accept ISO C89
configure:3257: gcc  -c -g -O2  conftest.c >&5
configure:3257: $? = 0
configure:3270: result: none needed
configure:3290: checking for a sed that does not truncate output
configure:3354: result: /bin/sed
configure:3372: checking for grep that handles long lines and -e
configure:3430: result: /bin/grep
configure:3435: checking for egrep
configure:3497: result: /bin/grep -E
configure:3502: checking for fgrep
configure:3564: result: /bin/grep -F
configure:3599: checking for ld used by gcc
configure:3666: result: /usr/bin/ld
configure:3673: checking if the linker (/usr/bin/ld) is GNU ld
configure:3688: result: yes
configure:3700: checking for BSD- or MS-compatible name lister (nm)
configure:3749: result: /usr/bin/nm -B
configure:3867: checking the name lister (/usr/bin/nm -B) interface
configure:3874: gcc -c -g -O2  conftest.c >&5
configure:3877: /usr/bin/nm -B "conftest.o"
configure:3880: output
0000000000000000 B some_variable
configure:3887: result: BSD nm
configure:3890: checking whether ln -s works
configure:3894: result: yes
configure:3902: checking the maximum length of command line arguments
configure:4028: result: 1572864
configure:4045: checking whether the shell understands some XSI constructs
configure:4055: result: yes
configure:4059: checking whether the shell understands "+="
configure:4065: result: yes
configure:4100: checking for /usr/bin/ld option to reload object files
configure:4107: result: -r
configure:4176: checking for objdump
configure:4192: found /usr/bin/objdump
configure:4203: result: objdump
configure:4232: checking how to recognize dependent libraries
configure:4430: result: pass_all
configure:4490: checking for ar
configure:4506: found /usr/bin/ar
configure:4517: result: ar
configure:4595: checking for strip
configure:4611: found /usr/bin/strip
configure:4622: result: strip
configure:4694: checking for ranlib
configure:4710: found /usr/bin/ranlib
configure:4721: result: ranlib
configure:4811: checking command to parse /usr/bin/nm -B output from gcc object
configure:4929: gcc -c -g -O2  conftest.c >&5
configure:4932: $? = 0
configure:4936: /usr/bin/nm -B conftest.o \| sed -n -e 's/^.*[	 ]\([ABCDGIRSTW][ABCDGIRSTW]*\)[	 ][	 ]*\([_A-Za-z][_A-Za-z0-9]*\)$/\1 \2 \2/p' \> conftest.nm
configure:4939: $? = 0
configure:4993: gcc -o conftest -g -O2   conftest.c conftstm.o >&5
configure:4996: $? = 0
configure:5034: result: ok
configure:5130: gcc -c -g -O2  conftest.c >&5
configure:5133: $? = 0
configure:5843: checking how to run the C preprocessor
configure:5874: gcc -E  conftest.c
configure:5874: $? = 0
configure:5888: gcc -E  conftest.c
conftest.c:9:28: fatal error: ac_nonexistent.h: No such file or directory
 #include <ac_nonexistent.h>
                            ^
compilation terminated.
configure:5888: $? = 1
configure: failed program was:
| /* confdefs.h */
| #define PACKAGE_NAME ""
| #define PACKAGE_TARNAME ""
| #define PACKAGE_VERSION ""
| #define PACKAGE_STRING ""
| #define PACKAGE_BUGREPORT ""
| #define PACKAGE_URL ""
| /* end confdefs.h.  */
| #include <ac_nonexistent.h>
configure:5913: result: gcc -E
configure:5933: gcc -E  conftest.c
configure:5933: $? = 0
configure:5947: gcc -E  conftest.c
conftest.c:9:28: fatal error: ac_nonexistent.h: No such file or directory
 #include <ac_nonexistent.h>
                            ^
compilation terminated.
configure:5947: $? = 1
configure: failed program was:
| /* confdefs.h */
| #define PACKAGE_NAME ""
| #define PACKAGE_TARNAME ""
| #define PACKAGE_VERSION ""
| #define PACKAGE_STRING ""
| #define PACKAGE_BUGREPORT ""
| #define PACKAGE_URL ""
| /* end confdefs.h.  */
| #include <ac_nonexistent.h>
configure:5976: checking for ANSI C header files
configure:5996: gcc -c -g -O2  conftest.c >&5
configure:5996: $? = 0
configure:6069: gcc -o conftest -g -O2   conftest.c  >&5
configure:6069: $? = 0
configure:6069: ./conftest
configure:6069: $? = 0
configure:6080: result: yes
configure:6093: checking for sys/types.h
configure:6093: gcc -c -g -O2  conftest.c >&5
configure:6093: $? = 0
configure:6093: result: yes
configure:6093: checking for sys/stat.h
configure:6093: gcc -c -g -O2  conftest.c >&5
configure:6093: $? = 0
configure:6093: result: yes
configure:6093: checking for stdlib.h
configure:6093: gcc -c -g -O2  conftest.c >&5
configure:6093: $? = 0
configure:6093: result: yes
configure:6093: checking for string.h
configure:6093: gcc -c -g -O2  conftest.c >&5
configure:6093: $? = 0
configure:6093: result: yes
configure:6093: checking for memory.h
configure:6093: gcc -c -g -O2  conftest.c >&5
configure:6093: $? = 0
configure:6093: result: yes
configure:6093: checking for strings.h
configure:6093: gcc -c -g -O2  conftest.c >&5
configure:6093: $? = 0
configure:6093: result: yes
configure:6093: checking for inttypes.h
configure:6093: gcc -c -g -O2  conftest.c >&5
configure:6093: $? = 0
configure:6093: result: yes
configure:6093: checking for stdint.h
configure:6093: gcc -c -g -O2  conftest.c >&5
configure:6093: $? = 0
configure:6093: result: yes
configure:6093: checking for unistd.h
configure:6093: gcc -c -g -O2  conftest.c >&5
configure:6093: $? = 0
configure:6093: result: yes
configure:6107: checking for dlfcn.h
configure:6107: gcc -c -g -O2  conftest.c >&5
configure:6107: $? = 0
configure:6107: result: yes
configure:6589: checking for objdir
configure:6604: result: .libs
configure:6900: checking if gcc supports -fno-rtti -fno-exceptions
configure:6918: gcc -c -g -O2  -fno-rtti -fno-exceptions conftest.c >&5
cc1: warning: command line option '-fno-rtti' is valid for C++/ObjC++ but not for C [enabled by default]
configure:6922: $? = 0
configure:6935: result: no
configure:6955: checking for gcc option to produce PIC
configure:7227: result: -fPIC -DPIC
configure:7239: checking if gcc PIC flag -fPIC -DPIC works
configure:7257: gcc -c -g -O2  -fPIC -DPIC -DPIC conftest.c >&5
configure:7261: $? = 0
configure:7274: result: yes
configure:7298: checking if gcc static flag -static works
configure:7326: result: yes
configure:7341: checking if gcc supports -c -o file.o
configure:7362: gcc -c -g -O2  -o out/conftest2.o conftest.c >&5
configure:7366: $? = 0
configure:7388: result: yes
configure:7396: checking if gcc supports -c -o file.o
configure:7443: result: yes
configure:7476: checking whether the gcc linker (/usr/bin/ld -m elf_x86_64) supports shared libraries
configure:8462: result: yes
configure:8499: checking whether -lc should be explicitly linked in
configure:8504: gcc -c -g -O2  conftest.c >&5
configure:8507: $? = 0
configure:8522: gcc -shared conftest.o  -v -Wl,-soname -Wl,conftest -o conftest 2\>\&1 \| /bin/grep  -lc  \>/dev/null 2\>\&1
configure:8525: $? = 0
configure:8537: result: no
configure:8701: checking dynamic linker characteristics
configure:9136: gcc -o conftest -g -O2   -Wl,-rpath -Wl,/foo conftest.c  >&5
configure:9136: $? = 0
configure:9354: result: GNU/Linux ld.so
configure:9456: checking how to hardcode library paths into programs
configure:9481: result: immediate
configure:10001: checking whether stripping libraries is possible
configure:10006: result: yes
configure:10041: checking if libtool supports shared libraries
configure:10043: result: yes
configure:10046: checking whether to build shared libraries
configure:10067: result: yes
configure:10070: checking whether to build static libraries
configure:10074: result: yes
configure:10138: checking for a BSD-compatible install
configure:10206: result: /usr/bin/install -c
configure:10217: checking whether build environment is sane
configure:10272: result: yes
configure:10423: checking for a thread-safe mkdir -p
configure:10462: result: /bin/mkdir -p
configure:10469: checking for gawk
configure:10485: found /usr/bin/gawk
configure:10496: result: gawk
configure:10507: checking whether make sets $(MAKE)
configure:10529: result: yes
configure:10559: checking for style of include used by make
configure:10587: result: GNU
configure:10621: checking whether make supports nested variables
configure:10638: result: yes
configure:10719: checking dependency style of gcc
configure:10830: result: gcc3
configure:10896: checking for gcc
configure:10923: result: gcc
configure:11152: checking for C compiler version
configure:11161: gcc --version >&5
gcc (Ubuntu/Linaro 4.8.1-10ubuntu9) 4.8.1
Copyright (C) 2013 Free Software Foundation, Inc.
This is free software; see the source for copying conditions.  There is NO
warranty; not even for MERCHANTABILITY or FITNESS FOR A PARTICULAR PURPOSE.

configure:11172: $? = 0
configure:11161: gcc -v >&5
Using built-in specs.
COLLECT_GCC=gcc
COLLECT_LTO_WRAPPER=/usr/lib/gcc/x86_64-linux-gnu/4.8/lto-wrapper
Target: x86_64-linux-gnu
Configured with: ../src/configure -v --with-pkgversion='Ubuntu/Linaro 4.8.1-10ubuntu9' --with-bugurl=file:///usr/share/doc/gcc-4.8/README.Bugs --enable-languages=c,c++,java,go,d,fortran,objc,obj-c++ --prefix=/usr --program-suffix=-4.8 --enable-shared --enable-linker-build-id --libexecdir=/usr/lib --without-included-gettext --enable-threads=posix --with-gxx-include-dir=/usr/include/c++/4.8 --libdir=/usr/lib --enable-nls --with-sysroot=/ --enable-clocale=gnu --enable-libstdcxx-debug --enable-libstdcxx-time=yes --enable-gnu-unique-object --enable-plugin --with-system-zlib --disable-browser-plugin --enable-java-awt=gtk --enable-gtk-cairo --with-java-home=/usr/lib/jvm/java-1.5.0-gcj-4.8-amd64/jre --enable-java-home --with-jvm-root-dir=/usr/lib/jvm/java-1.5.0-gcj-4.8-amd64 --with-jvm-jar-dir=/usr/lib/jvm-exports/java-1.5.0-gcj-4.8-amd64 --with-arch-directory=amd64 --with-ecj-jar=/usr/share/java/eclipse-ecj.jar --enable-objc-gc --enable-multiarch --disable-werror --with-arch-32=i686 --with-abi=m64 --with-multilib-list=m32,m64,mx32 --with-tune=generic --enable-checking=release --build=x86_64-linux-gnu --host=x86_64-linux-gnu --target=x86_64-linux-gnu
Thread model: posix
gcc version 4.8.1 (Ubuntu/Linaro 4.8.1-10ubuntu9) 
configure:11172: $? = 0
configure:11161: gcc -V >&5
gcc: error: unrecognized command line option '-V'
gcc: fatal error: no input files
compilation terminated.
configure:11172: $? = 4
configure:11161: gcc -qversion >&5
gcc: error: unrecognized command line option '-qversion'
gcc: fatal error: no input files
compilation terminated.
configure:11172: $? = 4
configure:11176: checking whether we are using the GNU C compiler
configure:11204: result: yes
configure:11213: checking whether gcc accepts -g
configure:11274: result: yes
configure:11291: checking for gcc option to accept ISO C89
configure:11367: result: none needed
configure:11388: checking whether make sets $(MAKE)
configure:11410: result: yes
configure:11428: checking for windres
configure:11458: result: no
configure:11428: checking for linux-gnu-windres
configure:11458: result: no
configure:11471: checking for size_t
configure:11471: gcc -c -g -O2  conftest.c >&5
configure:11471: $? = 0
configure:11471: gcc -c -g -O2  conftest.c >&5
conftest.c: In function 'main':
conftest.c:59:21: error: expected expression before ')' token
 if (sizeof ((size_t)))
                     ^
configure:11471: $? = 1
configure: failed program was:
| /* confdefs.h */
| #define PACKAGE_NAME ""
| #define PACKAGE_TARNAME ""
| #define PACKAGE_VERSION ""
| #define PACKAGE_STRING ""
| #define PACKAGE_BUGREPORT ""
| #define PACKAGE_URL ""
| #define STDC_HEADERS 1
| #define HAVE_SYS_TYPES_H 1
| #define HAVE_SYS_STAT_H 1
| #define HAVE_STDLIB_H 1
| #define HAVE_STRING_H 1
| #define HAVE_MEMORY_H 1
| #define HAVE_STRINGS_H 1
| #define HAVE_INTTYPES_H 1
| #define HAVE_STDINT_H 1
| #define HAVE_UNISTD_H 1
| #define HAVE_DLFCN_H 1
| #define LT_OBJDIR ".libs/"
| #define PACKAGE "SDL2_ttf"
| #define VERSION "2.0.12"
| /* end confdefs.h.  */
| #include <stdio.h>
| #ifdef HAVE_SYS_TYPES_H
| # include <sys/types.h>
| #endif
| #ifdef HAVE_SYS_STAT_H
| # include <sys/stat.h>
| #endif
| #ifdef STDC_HEADERS
| # include <stdlib.h>
| # include <stddef.h>
| #else
| # ifdef HAVE_STDLIB_H
| #  include <stdlib.h>
| # endif
| #endif
| #ifdef HAVE_STRING_H
| # if !defined STDC_HEADERS && defined HAVE_MEMORY_H
| #  include <memory.h>
| # endif
| # include <string.h>
| #endif
| #ifdef HAVE_STRINGS_H
| # include <strings.h>
| #endif
| #ifdef HAVE_INTTYPES_H
| # include <inttypes.h>
| #endif
| #ifdef HAVE_STDINT_H
| # include <stdint.h>
| #endif
| #ifdef HAVE_UNISTD_H
| # include <unistd.h>
| #endif
| int
| main ()
| {
| if (sizeof ((size_t)))
| 	    return 0;
|   ;
|   return 0;
| }
configure:11471: result: yes
configure:11484: checking for working alloca.h
configure:11501: gcc -o conftest -g -O2   conftest.c  >&5
configure:11501: $? = 0
configure:11509: result: yes
configure:11517: checking for alloca
configure:11554: gcc -o conftest -g -O2   conftest.c  >&5
configure:11554: $? = 0
configure:11562: result: yes
configure:11731: checking for freetype-config
configure:11749: found /usr/bin/freetype-config
configure:11762: result: /usr/bin/freetype-config
configure:11831: checking for pkg-config
configure:11849: found /usr/bin/pkg-config
configure:11861: result: /usr/bin/pkg-config
configure:11886: checking pkg-config is at least version 0.9.0
configure:11889: result: yes
configure:11927: checking for SDL
configure:11935: $PKG_CONFIG --exists --print-errors "sdl2 >= $min_sdl_version"
configure:11938: $? = 0
configure:11953: $PKG_CONFIG --exists --print-errors "sdl2 >= $min_sdl_version"
configure:11956: $? = 0
configure:11992: result: yes
configure:12263: checking for X
configure:12371: gcc -E  conftest.c
configure:12371: $? = 0
configure:12402: gcc -o conftest -g -O2 -I/usr/include/freetype2 -D_REENTRANT -I/usr/include/SDL2     conftest.c -lX11  -L/usr/lib/x86_64-linux-gnu -lfreetype -lz -lSDL2   >&5
configure:12402: $? = 0
configure:12452: result: libraries , headers 
configure:12551: gcc -o conftest -g -O2 -I/usr/include/freetype2 -D_REENTRANT -I/usr/include/SDL2     conftest.c  -L/usr/lib/x86_64-linux-gnu -lfreetype -lz -lSDL2    -lX11 >&5
configure:12551: $? = 0
configure:12649: checking for gethostbyname
configure:12649: gcc -o conftest -g -O2 -I/usr/include/freetype2 -D_REENTRANT -I/usr/include/SDL2     conftest.c  -L/usr/lib/x86_64-linux-gnu -lfreetype -lz -lSDL2   >&5
configure:12649: $? = 0
configure:12649: result: yes
configure:12746: checking for connect
configure:12746: gcc -o conftest -g -O2 -I/usr/include/freetype2 -D_REENTRANT -I/usr/include/SDL2     conftest.c  -L/usr/lib/x86_64-linux-gnu -lfreetype -lz -lSDL2   >&5
configure:12746: $? = 0
configure:12746: result: yes
configure:12795: checking for remove
configure:12795: gcc -o conftest -g -O2 -I/usr/include/freetype2 -D_REENTRANT -I/usr/include/SDL2     conftest.c  -L/usr/lib/x86_64-linux-gnu -lfreetype -lz -lSDL2   >&5
configure:12795: $? = 0
configure:12795: result: yes
configure:12844: checking for shmat
configure:12844: gcc -o conftest -g -O2 -I/usr/include/freetype2 -D_REENTRANT -I/usr/include/SDL2     conftest.c  -L/usr/lib/x86_64-linux-gnu -lfreetype -lz -lSDL2   >&5
configure:12844: $? = 0
configure:12844: result: yes
configure:12902: checking for IceConnectionNumber in -lICE
configure:12927: gcc -o conftest -g -O2 -I/usr/include/freetype2 -D_REENTRANT -I/usr/include/SDL2     conftest.c -lICE   -L/usr/lib/x86_64-linux-gnu -lfreetype -lz -lSDL2   >&5
configure:12927: $? = 0
configure:12936: result: yes
configure:12954: checking for OpenGL support
configure:12972: gcc -c -g -O2 -I/usr/include/freetype2 -D_REENTRANT -I/usr/include/SDL2     conftest.c >&5
configure:12972: $? = 0
configure:12978: result: yes
configure:13138: checking that generated files are newer than configure
configure:13144: result: done
configure:13171: creating ./config.status

## ---------------------- ##
## Running config.status. ##
## ---------------------- ##

This file was extended by config.status, which was
generated by GNU Autoconf 2.69.  Invocation command line was

  CONFIG_FILES    = 
  CONFIG_HEADERS  = 
  CONFIG_LINKS    = 
  CONFIG_COMMANDS = 
  $ ./config.status 

on desktop

config.status:1018: creating Makefile
config.status:1018: creating SDL2_ttf.spec
config.status:1018: creating SDL2_ttf.pc
config.status:1190: executing libtool commands
config.status:1190: executing depfiles commands

## ---------------- ##
## Cache variables. ##
## ---------------- ##

ac_cv_build=x86_64-unknown-linux-gnu
ac_cv_c_compiler_gnu=yes
ac_cv_env_CC_set=
ac_cv_env_CC_value=
ac_cv_env_CFLAGS_set=
ac_cv_env_CFLAGS_value=
ac_cv_env_CPPFLAGS_set=
ac_cv_env_CPPFLAGS_value=
ac_cv_env_CPP_set=
ac_cv_env_CPP_value=
ac_cv_env_LDFLAGS_set=
ac_cv_env_LDFLAGS_value=
ac_cv_env_LIBS_set=
ac_cv_env_LIBS_value=
ac_cv_env_PKG_CONFIG_set=
ac_cv_env_PKG_CONFIG_value=
ac_cv_env_SDL_CFLAGS_set=
ac_cv_env_SDL_CFLAGS_value=
ac_cv_env_SDL_LIBS_set=
ac_cv_env_SDL_LIBS_value=
ac_cv_env_XMKMF_set=
ac_cv_env_XMKMF_value=
ac_cv_env_build_alias_set=
ac_cv_env_build_alias_value=
ac_cv_env_host_alias_set=
ac_cv_env_host_alias_value=
ac_cv_env_target_alias_set=
ac_cv_env_target_alias_value=
ac_cv_func_alloca_works=yes
ac_cv_func_connect=yes
ac_cv_func_gethostbyname=yes
ac_cv_func_remove=yes
ac_cv_func_shmat=yes
ac_cv_have_x='have_x=yes	ac_x_includes='\'''\''	ac_x_libraries='\'''\'''
ac_cv_header_dlfcn_h=yes
ac_cv_header_inttypes_h=yes
ac_cv_header_memory_h=yes
ac_cv_header_stdc=yes
ac_cv_header_stdint_h=yes
ac_cv_header_stdlib_h=yes
ac_cv_header_string_h=yes
ac_cv_header_strings_h=yes
ac_cv_header_sys_stat_h=yes
ac_cv_header_sys_types_h=yes
ac_cv_header_unistd_h=yes
ac_cv_host=x86_64-unknown-linux-gnu
ac_cv_lib_ICE_IceConnectionNumber=yes
ac_cv_objext=o
ac_cv_path_EGREP='/bin/grep -E'
ac_cv_path_FGREP='/bin/grep -F'
ac_cv_path_FREETYPE_CONFIG=/usr/bin/freetype-config
ac_cv_path_GREP=/bin/grep
ac_cv_path_SED=/bin/sed
ac_cv_path_ac_pt_PKG_CONFIG=/usr/bin/pkg-config
ac_cv_path_install='/usr/bin/install -c'
ac_cv_path_mkdir=/bin/mkdir
ac_cv_prog_AWK=gawk
ac_cv_prog_CPP='gcc -E'
ac_cv_prog_ac_ct_AR=ar
ac_cv_prog_ac_ct_CC=gcc
ac_cv_prog_ac_ct_OBJDUMP=objdump
ac_cv_prog_ac_ct_RANLIB=ranlib
ac_cv_prog_ac_ct_STRIP=strip
ac_cv_prog_cc_c89=
ac_cv_prog_cc_g=yes
ac_cv_prog_make_make_set=yes
ac_cv_type_size_t=yes
ac_cv_working_alloca_h=yes
am_cv_CC_dependencies_compiler_type=gcc3
am_cv_make_support_nested_variables=yes
lt_cv_deplibs_check_method=pass_all
lt_cv_file_magic_cmd='$MAGIC_CMD'
lt_cv_file_magic_test_file=
lt_cv_ld_reload_flag=-r
lt_cv_nm_interface='BSD nm'
lt_cv_objdir=.libs
lt_cv_path_LD=/usr/bin/ld
lt_cv_path_NM='/usr/bin/nm -B'
lt_cv_prog_compiler_c_o=yes
lt_cv_prog_compiler_pic_works=yes
lt_cv_prog_compiler_rtti_exceptions=no
lt_cv_prog_compiler_static_works=yes
lt_cv_prog_gnu_ld=yes
lt_cv_sys_global_symbol_pipe='sed -n -e '\''s/^.*[	 ]\([ABCDGIRSTW][ABCDGIRSTW]*\)[	 ][	 ]*\([_A-Za-z][_A-Za-z0-9]*\)$/\1 \2 \2/p'\'''
lt_cv_sys_global_symbol_to_c_name_address='sed -n -e '\''s/^: \([^ ]*\) $/  {\"\1\", (void *) 0},/p'\'' -e '\''s/^[ABCDGIRSTW]* \([^ ]*\) \([^ ]*\)$/  {"\2", (void *) \&\2},/p'\'''
lt_cv_sys_global_symbol_to_c_name_address_lib_prefix='sed -n -e '\''s/^: \([^ ]*\) $/  {\"\1\", (void *) 0},/p'\'' -e '\''s/^[ABCDGIRSTW]* \([^ ]*\) \(lib[^ ]*\)$/  {"\2", (void *) \&\2},/p'\'' -e '\''s/^[ABCDGIRSTW]* \([^ ]*\) \([^ ]*\)$/  {"lib\2", (void *) \&\2},/p'\'''
lt_cv_sys_global_symbol_to_cdecl='sed -n -e '\''s/^T .* \(.*\)$/extern int \1();/p'\'' -e '\''s/^[ABCDGIRSTW]* .* \(.*\)$/extern char \1;/p'\'''
lt_cv_sys_max_cmd_len=1572864
pkg_cv_SDL_CFLAGS='-D_REENTRANT -I/usr/include/SDL2  '
pkg_cv_SDL_LIBS='-lSDL2  '

## ----------------- ##
## Output variables. ##
## ----------------- ##

ACLOCAL='${SHELL} /home/jose/Dropbox/Programming/gamedev/gosdl/SDL2_ttf-2.0.12/missing aclocal-1.13'
ALLOCA=''
AMDEPBACKSLASH='\'
AMDEP_FALSE='#'
AMDEP_TRUE=''
AMTAR='$${TAR-tar}'
AM_BACKSLASH='\'
AM_DEFAULT_V='$(AM_DEFAULT_VERBOSITY)'
AM_DEFAULT_VERBOSITY='1'
AM_V='$(V)'
AR='ar'
AS='as'
AUTOCONF='${SHELL} /home/jose/Dropbox/Programming/gamedev/gosdl/SDL2_ttf-2.0.12/missing autoconf'
AUTOHEADER='${SHELL} /home/jose/Dropbox/Programming/gamedev/gosdl/SDL2_ttf-2.0.12/missing autoheader'
AUTOMAKE='${SHELL} /home/jose/Dropbox/Programming/gamedev/gosdl/SDL2_ttf-2.0.12/missing automake-1.13'
AWK='gawk'
BINARY_AGE='12'
CC='gcc'
CCDEPMODE='depmode=gcc3'
CFLAGS='-g -O2 -I/usr/include/freetype2 -D_REENTRANT -I/usr/include/SDL2    -DHAVE_OPENGL'
CPP='gcc -E'
CPPFLAGS=''
CYGPATH_W='echo'
DEFS='-DPACKAGE_NAME=\"\" -DPACKAGE_TARNAME=\"\" -DPACKAGE_VERSION=\"\" -DPACKAGE_STRING=\"\" -DPACKAGE_BUGREPORT=\"\" -DPACKAGE_URL=\"\" -DSTDC_HEADERS=1 -DHAVE_SYS_TYPES_H=1 -DHAVE_SYS_STAT_H=1 -DHAVE_STDLIB_H=1 -DHAVE_STRING_H=1 -DHAVE_MEMORY_H=1 -DHAVE_STRINGS_H=1 -DHAVE_INTTYPES_H=1 -DHAVE_STDINT_H=1 -DHAVE_UNISTD_H=1 -DHAVE_DLFCN_H=1 -DLT_OBJDIR=\".libs/\" -DPACKAGE=\"SDL2_ttf\" -DVERSION=\"2.0.12\" -DHAVE_ALLOCA_H=1 -DHAVE_ALLOCA=1'
DEPDIR='.deps'
DLLTOOL='dlltool'
DSYMUTIL=''
DUMPBIN=''
ECHO_C=''
ECHO_N='-n'
ECHO_T=''
EGREP='/bin/grep -E'
EXEEXT=''
FGREP='/bin/grep -F'
FREETYPE_CONFIG='/usr/bin/freetype-config'
GL_LIBS=' -lGL'
GREP='/bin/grep'
INSTALL_DATA='${INSTALL} -m 644'
INSTALL_PROGRAM='${INSTALL}'
INSTALL_SCRIPT='${INSTALL}'
INSTALL_STRIP_PROGRAM='$(install_sh) -c -s'
INTERFACE_AGE='2'
LD='/usr/bin/ld -m elf_x86_64'
LDFLAGS=''
LIBOBJS=''
LIBS=' -L/usr/lib/x86_64-linux-gnu -lfreetype -lz -lSDL2  '
LIBTOOL='$(SHELL) $(top_builddir)/libtool'
LIPO=''
LN_S='ln -s'
LTLIBOBJS=''
LT_AGE='10'
LT_CURRENT='10'
LT_RELEASE='2.0'
LT_REVISION='2'
MAJOR_VERSION='2'
MAKEINFO='${SHELL} /home/jose/Dropbox/Programming/gamedev/gosdl/SDL2_ttf-2.0.12/missing makeinfo'
MATHLIB='-lm'
MICRO_VERSION='12'
MINOR_VERSION='0'
MKDIR_P='/bin/mkdir -p'
NM='/usr/bin/nm -B'
NMEDIT=''
OBJDUMP='objdump'
OBJEXT='o'
OTOOL64=''
OTOOL=''
PACKAGE='SDL2_ttf'
PACKAGE_BUGREPORT=''
PACKAGE_NAME=''
PACKAGE_STRING=''
PACKAGE_TARNAME=''
PACKAGE_URL=''
PACKAGE_VERSION=''
PATH_SEPARATOR=':'
PKG_CONFIG='/usr/bin/pkg-config'
RANLIB='ranlib'
SDL2_CONFIG='pkg-config sdl2'
SDL_CFLAGS='-D_REENTRANT -I/usr/include/SDL2  '
SDL_LIBS='-lSDL2  '
SDL_VERSION='2.0.0'
SED='/bin/sed'
SET_MAKE=''
SHELL='/bin/bash'
STRIP='strip'
USE_VERSION_RC_FALSE=''
USE_VERSION_RC_TRUE='#'
VERSION='2.0.12'
WINDRES=''
XMKMF=''
X_CFLAGS=''
X_EXTRA_LIBS=''
X_LIBS=''
X_PRE_LIBS=' -lSM -lICE'
ac_ct_CC='gcc'
ac_ct_DUMPBIN=''
am__EXEEXT_FALSE=''
am__EXEEXT_TRUE='#'
am__fastdepCC_FALSE='#'
am__fastdepCC_TRUE=''
am__include='include'
am__isrc=''
am__leading_dot='.'
am__nodep='_no'
am__quote=''
am__tar='$${TAR-tar} chof - "$$tardir"'
am__untar='$${TAR-tar} xf -'
bindir='${exec_prefix}/bin'
build='x86_64-unknown-linux-gnu'
build_alias=''
build_cpu='x86_64'
build_os='linux-gnu'
build_vendor='unknown'
datadir='${datarootdir}'
datarootdir='${prefix}/share'
docdir='${datarootdir}/doc/${PACKAGE}'
dvidir='${docdir}'
exec_prefix='${prefix}'
host='x86_64-unknown-linux-gnu'
host_alias=''
host_cpu='x86_64'
host_os='linux-gnu'
host_vendor='unknown'
htmldir='${docdir}'
includedir='${prefix}/include'
infodir='${datarootdir}/info'
install_sh='${SHELL} /home/jose/Dropbox/Programming/gamedev/gosdl/SDL2_ttf-2.0.12/install-sh'
libdir='${exec_prefix}/lib'
libexecdir='${exec_prefix}/libexec'
localedir='${datarootdir}/locale'
localstatedir='${prefix}/var'
lt_ECHO='echo'
mandir='${datarootdir}/man'
mkdir_p='$(MKDIR_P)'
oldincludedir='/usr/include'
pdfdir='${docdir}'
prefix='/usr/local'
program_transform_name='s,x,x,'
psdir='${docdir}'
sbindir='${exec_prefix}/sbin'
sharedstatedir='${prefix}/com'
sysconfdir='${prefix}/etc'
target_alias=''

## ----------- ##
## confdefs.h. ##
## ----------- ##

/* confdefs.h */
#define PACKAGE_NAME ""
#define PACKAGE_TARNAME ""
#define PACKAGE_VERSION ""
#define PACKAGE_STRING ""
#define PACKAGE_BUGREPORT ""
#define PACKAGE_URL ""
#define STDC_HEADERS 1
#define HAVE_SYS_TYPES_H 1
#define HAVE_SYS_STAT_H 1
#define HAVE_STDLIB_H 1
#define HAVE_STRING_H 1
#define HAVE_MEMORY_H 1
#define HAVE_STRINGS_H 1
#define HAVE_INTTYPES_H 1
#define HAVE_STDINT_H 1
#define HAVE_UNISTD_H 1
#define HAVE_DLFCN_H 1
#define LT_OBJDIR ".libs/"
#define PACKAGE "SDL2_ttf"
#define VERSION "2.0.12"
#define HAVE_ALLOCA_H 1
#define HAVE_ALLOCA 1

configure: exit 0
